<?xml version="1.0" encoding="UTF-8"?>
<!-- Generated by org.testng.reporters.JUnitReportReporter -->
<testsuite hostname="LAPTOP-6AJUMCDK" failures="0" tests="1" name="brokenLink.BrokenLinkExample" time="8.433" errors="0" timestamp="2022-08-26T08:36:13 IST" skipped="0">
  <testcase classname="brokenLink.BrokenLinkExample" name="findLink" time="8.433"/>
  <system-out/>
</testsuite> <!-- brokenLink.BrokenLinkExample -->
