<?xml version="1.0" encoding="UTF-8"?>
<!-- Generated by org.testng.reporters.JUnitReportReporter -->
<testsuite hostname="LAPTOP-6AJUMCDK" failures="0" tests="1" name="com.selenium.annotations.ExceptionTimeOutTest" time="0.011" errors="0" timestamp="2022-08-05T13:57:40 IST" skipped="0">
  <testcase classname="com.selenium.annotations.ExceptionTimeOutTest" name="test1" time="0.011"/>
  <system-out/>
</testsuite> <!-- com.selenium.annotations.ExceptionTimeOutTest -->
