<?xml version="1.0" encoding="UTF-8"?>
<!-- Generated by org.testng.reporters.JUnitReportReporter -->
<testsuite hostname="LAPTOP-6AJUMCDK" failures="0" tests="1" name="com.selenium.parameterTest.ParameterTest" time="12.774" errors="0" timestamp="2022-08-05T17:05:31 IST" skipped="0">
  <testcase classname="com.selenium.parameterTest.ParameterTest" name="setUp" time="12.774"/>
  <system-out/>
</testsuite> <!-- com.selenium.parameterTest.ParameterTest -->
