<?xml version="1.0" encoding="UTF-8"?>
<!-- Generated by org.testng.reporters.JUnitReportReporter -->
<testsuite hostname="LAPTOP-6AJUMCDK" failures="0" tests="2" name="com.selenium.annotations.AnnotationUsedEx" time="0.153" errors="0" timestamp="2022-08-23T14:13:06 IST" skipped="0">
  <testcase classname="com.selenium.annotations.AnnotationUsedEx" name="test1" time="0.036"/>
  <system-out/>
  <testcase classname="com.selenium.annotations.AnnotationUsedEx" name="test" time="0.117"/>
  <system-out/>
</testsuite> <!-- com.selenium.annotations.AnnotationUsedEx -->
