<?xml version="1.0" encoding="UTF-8"?>
<!-- Generated by org.testng.reporters.JUnitReportReporter -->
<testsuite hostname="LAPTOP-6AJUMCDK" failures="0" tests="2" name="extentReports.DemoReportWithTestNG" time="5.902" errors="0" timestamp="2022-08-17T09:06:04 IST" skipped="0">
  <testcase classname="extentReports.DemoReportWithTestNG" name="test2" time="0.009"/>
  <system-out/>
  <testcase classname="extentReports.DemoReportWithTestNG" name="test1" time="5.893"/>
  <system-out/>
</testsuite> <!-- extentReports.DemoReportWithTestNG -->
