<?xml version="1.0" encoding="UTF-8"?>
<!-- Generated by org.testng.reporters.JUnitReportReporter -->
<testsuite hostname="LAPTOP-6AJUMCDK" failures="0" tests="1" name="extentReports.DemoReport" time="0.031" errors="0" timestamp="2022-08-16T15:31:27 IST" skipped="0">
  <testcase classname="extentReports.DemoReport" name="test1" time="0.031"/>
  <system-out/>
</testsuite> <!-- extentReports.DemoReport -->
