<?xml version="1.0" encoding="UTF-8"?>
<!-- Generated by org.testng.reporters.JUnitReportReporter -->
<testsuite hostname="LAPTOP-6AJUMCDK" failures="0" tests="10" name="com.selenium.annotations.InvocationCountTest" time="0.041" errors="0" timestamp="2022-08-05T13:47:07 IST" skipped="0">
  <testcase classname="com.selenium.annotations.InvocationCountTest" name="addition" time="0.002"/>
  <system-out/>
  <testcase classname="com.selenium.annotations.InvocationCountTest" name="addition" time="0.007"/>
  <system-out/>
  <testcase classname="com.selenium.annotations.InvocationCountTest" name="addition" time="0.014"/>
  <system-out/>
  <testcase classname="com.selenium.annotations.InvocationCountTest" name="addition" time="0.005"/>
  <system-out/>
  <testcase classname="com.selenium.annotations.InvocationCountTest" name="addition" time="0.004"/>
  <system-out/>
  <testcase classname="com.selenium.annotations.InvocationCountTest" name="addition" time="0.002"/>
  <system-out/>
  <testcase classname="com.selenium.annotations.InvocationCountTest" name="addition" time="0.003"/>
  <system-out/>
  <testcase classname="com.selenium.annotations.InvocationCountTest" name="addition" time="0.002"/>
  <system-out/>
  <testcase classname="com.selenium.annotations.InvocationCountTest" name="addition" time="0.001"/>
  <system-out/>
  <testcase classname="com.selenium.annotations.InvocationCountTest" name="addition" time="0.001"/>
  <system-out/>
</testsuite> <!-- com.selenium.annotations.InvocationCountTest -->
